[2024-05-01T09:42:36.567+0000] {processor.py:161} INFO - Started process (PID=55) to work on /home/airflow/.local/lib/python3.12/site-packages/airflow/example_dags/example_subdag_operator.py
[2024-05-01T09:42:36.568+0000] {processor.py:830} INFO - Processing file /home/airflow/.local/lib/python3.12/site-packages/airflow/example_dags/example_subdag_operator.py for tasks to queue
[2024-05-01T09:42:36.569+0000] {logging_mixin.py:188} INFO - [2024-05-01T09:42:36.569+0000] {dagbag.py:540} INFO - Filling up the DagBag from /home/airflow/.local/lib/python3.12/site-packages/airflow/example_dags/example_subdag_operator.py
[2024-05-01T09:42:36.595+0000] {processor.py:840} INFO - DAG(s) 'example_subdag_operator.section-1', 'example_subdag_operator.section-2', 'example_subdag_operator' retrieved from /home/airflow/.local/lib/python3.12/site-packages/airflow/example_dags/example_subdag_operator.py
[2024-05-01T09:42:36.599+0000] {logging_mixin.py:188} INFO - [2024-05-01T09:42:36.598+0000] {dag.py:3096} INFO - Sync 3 DAGs
[2024-05-01T09:42:36.626+0000] {logging_mixin.py:188} INFO - [2024-05-01T09:42:36.626+0000] {dag.py:3954} INFO - Setting next_dagrun for example_subdag_operator to 2022-01-01 00:00:00+00:00, run_after=2022-01-01 00:00:00+00:00
[2024-05-01T09:42:36.631+0000] {logging_mixin.py:188} INFO - [2024-05-01T09:42:36.631+0000] {dag.py:3954} INFO - Setting next_dagrun for example_subdag_operator.section-1 to None, run_after=None
[2024-05-01T09:42:36.633+0000] {logging_mixin.py:188} INFO - [2024-05-01T09:42:36.633+0000] {dag.py:3954} INFO - Setting next_dagrun for example_subdag_operator.section-2 to None, run_after=None
[2024-05-01T09:42:36.642+0000] {logging_mixin.py:188} INFO - [2024-05-01T09:42:36.642+0000] {dag.py:3096} INFO - Sync 2 DAGs
[2024-05-01T09:42:36.649+0000] {logging_mixin.py:188} INFO - [2024-05-01T09:42:36.649+0000] {dag.py:3954} INFO - Setting next_dagrun for example_subdag_operator.section-1 to None, run_after=None
[2024-05-01T09:42:36.650+0000] {logging_mixin.py:188} INFO - [2024-05-01T09:42:36.649+0000] {dag.py:3954} INFO - Setting next_dagrun for example_subdag_operator.section-2 to None, run_after=None
[2024-05-01T09:42:36.664+0000] {processor.py:183} INFO - Processing /home/airflow/.local/lib/python3.12/site-packages/airflow/example_dags/example_subdag_operator.py took 0.102 seconds
[2024-05-01T09:43:07.235+0000] {processor.py:161} INFO - Started process (PID=113) to work on /home/airflow/.local/lib/python3.12/site-packages/airflow/example_dags/example_subdag_operator.py
[2024-05-01T09:43:07.235+0000] {processor.py:830} INFO - Processing file /home/airflow/.local/lib/python3.12/site-packages/airflow/example_dags/example_subdag_operator.py for tasks to queue
[2024-05-01T09:43:07.236+0000] {logging_mixin.py:188} INFO - [2024-05-01T09:43:07.236+0000] {dagbag.py:540} INFO - Filling up the DagBag from /home/airflow/.local/lib/python3.12/site-packages/airflow/example_dags/example_subdag_operator.py
[2024-05-01T09:43:07.251+0000] {processor.py:840} INFO - DAG(s) 'example_subdag_operator.section-1', 'example_subdag_operator.section-2', 'example_subdag_operator' retrieved from /home/airflow/.local/lib/python3.12/site-packages/airflow/example_dags/example_subdag_operator.py
[2024-05-01T09:43:07.313+0000] {logging_mixin.py:188} INFO - [2024-05-01T09:43:07.312+0000] {dag.py:3096} INFO - Sync 3 DAGs
[2024-05-01T09:43:07.327+0000] {logging_mixin.py:188} INFO - [2024-05-01T09:43:07.327+0000] {dag.py:3954} INFO - Setting next_dagrun for example_subdag_operator to 2022-01-01 00:00:00+00:00, run_after=2022-01-01 00:00:00+00:00
[2024-05-01T09:43:07.331+0000] {logging_mixin.py:188} INFO - [2024-05-01T09:43:07.331+0000] {dag.py:3954} INFO - Setting next_dagrun for example_subdag_operator.section-1 to None, run_after=None
[2024-05-01T09:43:07.332+0000] {logging_mixin.py:188} INFO - [2024-05-01T09:43:07.332+0000] {dag.py:3954} INFO - Setting next_dagrun for example_subdag_operator.section-2 to None, run_after=None
[2024-05-01T09:43:07.339+0000] {logging_mixin.py:188} INFO - [2024-05-01T09:43:07.338+0000] {dag.py:3096} INFO - Sync 2 DAGs
[2024-05-01T09:43:07.344+0000] {logging_mixin.py:188} INFO - [2024-05-01T09:43:07.344+0000] {dag.py:3954} INFO - Setting next_dagrun for example_subdag_operator.section-1 to None, run_after=None
[2024-05-01T09:43:07.345+0000] {logging_mixin.py:188} INFO - [2024-05-01T09:43:07.345+0000] {dag.py:3954} INFO - Setting next_dagrun for example_subdag_operator.section-2 to None, run_after=None
[2024-05-01T09:43:07.360+0000] {processor.py:183} INFO - Processing /home/airflow/.local/lib/python3.12/site-packages/airflow/example_dags/example_subdag_operator.py took 0.129 seconds
[2024-05-01T09:43:37.776+0000] {processor.py:161} INFO - Started process (PID=171) to work on /home/airflow/.local/lib/python3.12/site-packages/airflow/example_dags/example_subdag_operator.py
[2024-05-01T09:43:37.779+0000] {processor.py:830} INFO - Processing file /home/airflow/.local/lib/python3.12/site-packages/airflow/example_dags/example_subdag_operator.py for tasks to queue
[2024-05-01T09:43:37.785+0000] {logging_mixin.py:188} INFO - [2024-05-01T09:43:37.784+0000] {dagbag.py:540} INFO - Filling up the DagBag from /home/airflow/.local/lib/python3.12/site-packages/airflow/example_dags/example_subdag_operator.py
[2024-05-01T09:43:37.844+0000] {processor.py:840} INFO - DAG(s) 'example_subdag_operator.section-1', 'example_subdag_operator.section-2', 'example_subdag_operator' retrieved from /home/airflow/.local/lib/python3.12/site-packages/airflow/example_dags/example_subdag_operator.py
[2024-05-01T09:43:37.898+0000] {logging_mixin.py:188} INFO - [2024-05-01T09:43:37.897+0000] {dag.py:3096} INFO - Sync 3 DAGs
[2024-05-01T09:43:37.952+0000] {logging_mixin.py:188} INFO - [2024-05-01T09:43:37.952+0000] {dag.py:3954} INFO - Setting next_dagrun for example_subdag_operator to 2022-01-01 00:00:00+00:00, run_after=2022-01-01 00:00:00+00:00
[2024-05-01T09:43:37.965+0000] {logging_mixin.py:188} INFO - [2024-05-01T09:43:37.965+0000] {dag.py:3954} INFO - Setting next_dagrun for example_subdag_operator.section-1 to None, run_after=None
[2024-05-01T09:43:37.968+0000] {logging_mixin.py:188} INFO - [2024-05-01T09:43:37.968+0000] {dag.py:3954} INFO - Setting next_dagrun for example_subdag_operator.section-2 to None, run_after=None
[2024-05-01T09:43:37.989+0000] {logging_mixin.py:188} INFO - [2024-05-01T09:43:37.988+0000] {dag.py:3096} INFO - Sync 2 DAGs
[2024-05-01T09:43:38.005+0000] {logging_mixin.py:188} INFO - [2024-05-01T09:43:38.004+0000] {dag.py:3954} INFO - Setting next_dagrun for example_subdag_operator.section-1 to None, run_after=None
[2024-05-01T09:43:38.007+0000] {logging_mixin.py:188} INFO - [2024-05-01T09:43:38.006+0000] {dag.py:3954} INFO - Setting next_dagrun for example_subdag_operator.section-2 to None, run_after=None
[2024-05-01T09:43:38.027+0000] {processor.py:183} INFO - Processing /home/airflow/.local/lib/python3.12/site-packages/airflow/example_dags/example_subdag_operator.py took 0.272 seconds
