[2024-05-01T09:42:37.347+0000] {processor.py:161} INFO - Started process (PID=67) to work on /home/airflow/.local/lib/python3.12/site-packages/airflow/example_dags/example_sensors.py
[2024-05-01T09:42:37.348+0000] {processor.py:830} INFO - Processing file /home/airflow/.local/lib/python3.12/site-packages/airflow/example_dags/example_sensors.py for tasks to queue
[2024-05-01T09:42:37.351+0000] {logging_mixin.py:188} INFO - [2024-05-01T09:42:37.350+0000] {dagbag.py:540} INFO - Filling up the DagBag from /home/airflow/.local/lib/python3.12/site-packages/airflow/example_dags/example_sensors.py
[2024-05-01T09:42:37.362+0000] {processor.py:840} INFO - DAG(s) 'example_sensors' retrieved from /home/airflow/.local/lib/python3.12/site-packages/airflow/example_dags/example_sensors.py
[2024-05-01T09:42:37.374+0000] {logging_mixin.py:188} INFO - [2024-05-01T09:42:37.374+0000] {dag.py:3096} INFO - Sync 1 DAGs
[2024-05-01T09:42:37.391+0000] {logging_mixin.py:188} INFO - [2024-05-01T09:42:37.390+0000] {dag.py:3954} INFO - Setting next_dagrun for example_sensors to None, run_after=None
[2024-05-01T09:42:37.418+0000] {processor.py:183} INFO - Processing /home/airflow/.local/lib/python3.12/site-packages/airflow/example_dags/example_sensors.py took 0.078 seconds
[2024-05-01T09:43:08.099+0000] {processor.py:161} INFO - Started process (PID=125) to work on /home/airflow/.local/lib/python3.12/site-packages/airflow/example_dags/example_sensors.py
[2024-05-01T09:43:08.099+0000] {processor.py:830} INFO - Processing file /home/airflow/.local/lib/python3.12/site-packages/airflow/example_dags/example_sensors.py for tasks to queue
[2024-05-01T09:43:08.101+0000] {logging_mixin.py:188} INFO - [2024-05-01T09:43:08.100+0000] {dagbag.py:540} INFO - Filling up the DagBag from /home/airflow/.local/lib/python3.12/site-packages/airflow/example_dags/example_sensors.py
[2024-05-01T09:43:08.106+0000] {processor.py:840} INFO - DAG(s) 'example_sensors' retrieved from /home/airflow/.local/lib/python3.12/site-packages/airflow/example_dags/example_sensors.py
[2024-05-01T09:43:08.177+0000] {logging_mixin.py:188} INFO - [2024-05-01T09:43:08.177+0000] {dag.py:3096} INFO - Sync 1 DAGs
[2024-05-01T09:43:08.185+0000] {logging_mixin.py:188} INFO - [2024-05-01T09:43:08.185+0000] {dag.py:3954} INFO - Setting next_dagrun for example_sensors to None, run_after=None
[2024-05-01T09:43:08.196+0000] {processor.py:183} INFO - Processing /home/airflow/.local/lib/python3.12/site-packages/airflow/example_dags/example_sensors.py took 0.101 seconds
[2024-05-01T09:43:40.020+0000] {processor.py:161} INFO - Started process (PID=183) to work on /home/airflow/.local/lib/python3.12/site-packages/airflow/example_dags/example_sensors.py
[2024-05-01T09:43:40.027+0000] {processor.py:830} INFO - Processing file /home/airflow/.local/lib/python3.12/site-packages/airflow/example_dags/example_sensors.py for tasks to queue
[2024-05-01T09:43:40.037+0000] {logging_mixin.py:188} INFO - [2024-05-01T09:43:40.035+0000] {dagbag.py:540} INFO - Filling up the DagBag from /home/airflow/.local/lib/python3.12/site-packages/airflow/example_dags/example_sensors.py
[2024-05-01T09:43:40.096+0000] {processor.py:840} INFO - DAG(s) 'example_sensors' retrieved from /home/airflow/.local/lib/python3.12/site-packages/airflow/example_dags/example_sensors.py
[2024-05-01T09:43:40.175+0000] {logging_mixin.py:188} INFO - [2024-05-01T09:43:40.173+0000] {dag.py:3096} INFO - Sync 1 DAGs
[2024-05-01T09:43:40.231+0000] {logging_mixin.py:188} INFO - [2024-05-01T09:43:40.230+0000] {dag.py:3954} INFO - Setting next_dagrun for example_sensors to None, run_after=None
[2024-05-01T09:43:40.329+0000] {processor.py:183} INFO - Processing /home/airflow/.local/lib/python3.12/site-packages/airflow/example_dags/example_sensors.py took 0.344 seconds
