[2024-05-01T09:42:36.557+0000] {processor.py:161} INFO - Started process (PID=54) to work on /home/airflow/.local/lib/python3.12/site-packages/airflow/example_dags/example_branch_labels.py
[2024-05-01T09:42:36.557+0000] {processor.py:830} INFO - Processing file /home/airflow/.local/lib/python3.12/site-packages/airflow/example_dags/example_branch_labels.py for tasks to queue
[2024-05-01T09:42:36.559+0000] {logging_mixin.py:188} INFO - [2024-05-01T09:42:36.558+0000] {dagbag.py:540} INFO - Filling up the DagBag from /home/airflow/.local/lib/python3.12/site-packages/airflow/example_dags/example_branch_labels.py
[2024-05-01T09:42:36.566+0000] {processor.py:840} INFO - DAG(s) 'example_branch_labels' retrieved from /home/airflow/.local/lib/python3.12/site-packages/airflow/example_dags/example_branch_labels.py
[2024-05-01T09:42:36.576+0000] {logging_mixin.py:188} INFO - [2024-05-01T09:42:36.575+0000] {dag.py:3096} INFO - Sync 1 DAGs
[2024-05-01T09:42:36.595+0000] {logging_mixin.py:188} INFO - [2024-05-01T09:42:36.595+0000] {dag.py:3954} INFO - Setting next_dagrun for example_branch_labels to 2024-04-30 00:00:00+00:00, run_after=2024-05-01 00:00:00+00:00
[2024-05-01T09:42:36.616+0000] {processor.py:183} INFO - Processing /home/airflow/.local/lib/python3.12/site-packages/airflow/example_dags/example_branch_labels.py took 0.066 seconds
[2024-05-01T09:43:07.125+0000] {processor.py:161} INFO - Started process (PID=112) to work on /home/airflow/.local/lib/python3.12/site-packages/airflow/example_dags/example_branch_labels.py
[2024-05-01T09:43:07.126+0000] {processor.py:830} INFO - Processing file /home/airflow/.local/lib/python3.12/site-packages/airflow/example_dags/example_branch_labels.py for tasks to queue
[2024-05-01T09:43:07.127+0000] {logging_mixin.py:188} INFO - [2024-05-01T09:43:07.127+0000] {dagbag.py:540} INFO - Filling up the DagBag from /home/airflow/.local/lib/python3.12/site-packages/airflow/example_dags/example_branch_labels.py
[2024-05-01T09:43:07.132+0000] {processor.py:840} INFO - DAG(s) 'example_branch_labels' retrieved from /home/airflow/.local/lib/python3.12/site-packages/airflow/example_dags/example_branch_labels.py
[2024-05-01T09:43:07.200+0000] {logging_mixin.py:188} INFO - [2024-05-01T09:43:07.200+0000] {dag.py:3096} INFO - Sync 1 DAGs
[2024-05-01T09:43:07.214+0000] {logging_mixin.py:188} INFO - [2024-05-01T09:43:07.213+0000] {dag.py:3954} INFO - Setting next_dagrun for example_branch_labels to 2024-04-30 00:00:00+00:00, run_after=2024-05-01 00:00:00+00:00
[2024-05-01T09:43:07.230+0000] {processor.py:183} INFO - Processing /home/airflow/.local/lib/python3.12/site-packages/airflow/example_dags/example_branch_labels.py took 0.109 seconds
[2024-05-01T09:43:37.548+0000] {processor.py:161} INFO - Started process (PID=170) to work on /home/airflow/.local/lib/python3.12/site-packages/airflow/example_dags/example_branch_labels.py
[2024-05-01T09:43:37.550+0000] {processor.py:830} INFO - Processing file /home/airflow/.local/lib/python3.12/site-packages/airflow/example_dags/example_branch_labels.py for tasks to queue
[2024-05-01T09:43:37.556+0000] {logging_mixin.py:188} INFO - [2024-05-01T09:43:37.554+0000] {dagbag.py:540} INFO - Filling up the DagBag from /home/airflow/.local/lib/python3.12/site-packages/airflow/example_dags/example_branch_labels.py
[2024-05-01T09:43:37.587+0000] {processor.py:840} INFO - DAG(s) 'example_branch_labels' retrieved from /home/airflow/.local/lib/python3.12/site-packages/airflow/example_dags/example_branch_labels.py
[2024-05-01T09:43:37.672+0000] {logging_mixin.py:188} INFO - [2024-05-01T09:43:37.671+0000] {dag.py:3096} INFO - Sync 1 DAGs
[2024-05-01T09:43:37.785+0000] {logging_mixin.py:188} INFO - [2024-05-01T09:43:37.783+0000] {dag.py:3954} INFO - Setting next_dagrun for example_branch_labels to 2024-04-30 00:00:00+00:00, run_after=2024-05-01 00:00:00+00:00
[2024-05-01T09:43:37.852+0000] {processor.py:183} INFO - Processing /home/airflow/.local/lib/python3.12/site-packages/airflow/example_dags/example_branch_labels.py took 0.315 seconds
