[2024-05-01T09:42:35.799+0000] {processor.py:161} INFO - Started process (PID=42) to work on /home/airflow/.local/lib/python3.12/site-packages/airflow/example_dags/example_short_circuit_operator.py
[2024-05-01T09:42:35.800+0000] {processor.py:830} INFO - Processing file /home/airflow/.local/lib/python3.12/site-packages/airflow/example_dags/example_short_circuit_operator.py for tasks to queue
[2024-05-01T09:42:35.801+0000] {logging_mixin.py:188} INFO - [2024-05-01T09:42:35.801+0000] {dagbag.py:540} INFO - Filling up the DagBag from /home/airflow/.local/lib/python3.12/site-packages/airflow/example_dags/example_short_circuit_operator.py
[2024-05-01T09:42:35.811+0000] {processor.py:840} INFO - DAG(s) 'example_short_circuit_operator' retrieved from /home/airflow/.local/lib/python3.12/site-packages/airflow/example_dags/example_short_circuit_operator.py
[2024-05-01T09:42:35.821+0000] {logging_mixin.py:188} INFO - [2024-05-01T09:42:35.821+0000] {dag.py:3096} INFO - Sync 1 DAGs
[2024-05-01T09:42:35.848+0000] {logging_mixin.py:188} INFO - [2024-05-01T09:42:35.848+0000] {dag.py:3954} INFO - Setting next_dagrun for example_short_circuit_operator to 2024-04-30 00:00:00+00:00, run_after=2024-05-01 00:00:00+00:00
[2024-05-01T09:42:35.869+0000] {processor.py:183} INFO - Processing /home/airflow/.local/lib/python3.12/site-packages/airflow/example_dags/example_short_circuit_operator.py took 0.075 seconds
[2024-05-01T09:43:06.178+0000] {processor.py:161} INFO - Started process (PID=100) to work on /home/airflow/.local/lib/python3.12/site-packages/airflow/example_dags/example_short_circuit_operator.py
[2024-05-01T09:43:06.178+0000] {processor.py:830} INFO - Processing file /home/airflow/.local/lib/python3.12/site-packages/airflow/example_dags/example_short_circuit_operator.py for tasks to queue
[2024-05-01T09:43:06.180+0000] {logging_mixin.py:188} INFO - [2024-05-01T09:43:06.180+0000] {dagbag.py:540} INFO - Filling up the DagBag from /home/airflow/.local/lib/python3.12/site-packages/airflow/example_dags/example_short_circuit_operator.py
[2024-05-01T09:43:06.184+0000] {processor.py:840} INFO - DAG(s) 'example_short_circuit_operator' retrieved from /home/airflow/.local/lib/python3.12/site-packages/airflow/example_dags/example_short_circuit_operator.py
[2024-05-01T09:43:06.254+0000] {logging_mixin.py:188} INFO - [2024-05-01T09:43:06.254+0000] {dag.py:3096} INFO - Sync 1 DAGs
[2024-05-01T09:43:06.268+0000] {logging_mixin.py:188} INFO - [2024-05-01T09:43:06.268+0000] {dag.py:3954} INFO - Setting next_dagrun for example_short_circuit_operator to 2024-04-30 00:00:00+00:00, run_after=2024-05-01 00:00:00+00:00
[2024-05-01T09:43:06.282+0000] {processor.py:183} INFO - Processing /home/airflow/.local/lib/python3.12/site-packages/airflow/example_dags/example_short_circuit_operator.py took 0.107 seconds
[2024-05-01T09:43:36.584+0000] {processor.py:161} INFO - Started process (PID=158) to work on /home/airflow/.local/lib/python3.12/site-packages/airflow/example_dags/example_short_circuit_operator.py
[2024-05-01T09:43:36.585+0000] {processor.py:830} INFO - Processing file /home/airflow/.local/lib/python3.12/site-packages/airflow/example_dags/example_short_circuit_operator.py for tasks to queue
[2024-05-01T09:43:36.587+0000] {logging_mixin.py:188} INFO - [2024-05-01T09:43:36.586+0000] {dagbag.py:540} INFO - Filling up the DagBag from /home/airflow/.local/lib/python3.12/site-packages/airflow/example_dags/example_short_circuit_operator.py
[2024-05-01T09:43:36.594+0000] {processor.py:840} INFO - DAG(s) 'example_short_circuit_operator' retrieved from /home/airflow/.local/lib/python3.12/site-packages/airflow/example_dags/example_short_circuit_operator.py
[2024-05-01T09:43:36.614+0000] {logging_mixin.py:188} INFO - [2024-05-01T09:43:36.614+0000] {dag.py:3096} INFO - Sync 1 DAGs
[2024-05-01T09:43:36.634+0000] {logging_mixin.py:188} INFO - [2024-05-01T09:43:36.633+0000] {dag.py:3954} INFO - Setting next_dagrun for example_short_circuit_operator to 2024-04-30 00:00:00+00:00, run_after=2024-05-01 00:00:00+00:00
[2024-05-01T09:43:36.650+0000] {processor.py:183} INFO - Processing /home/airflow/.local/lib/python3.12/site-packages/airflow/example_dags/example_short_circuit_operator.py took 0.072 seconds
