[2024-05-01T09:42:36.088+0000] {processor.py:161} INFO - Started process (PID=48) to work on /home/airflow/.local/lib/python3.12/site-packages/airflow/example_dags/example_external_task_marker_dag.py
[2024-05-01T09:42:36.089+0000] {processor.py:830} INFO - Processing file /home/airflow/.local/lib/python3.12/site-packages/airflow/example_dags/example_external_task_marker_dag.py for tasks to queue
[2024-05-01T09:42:36.091+0000] {logging_mixin.py:188} INFO - [2024-05-01T09:42:36.090+0000] {dagbag.py:540} INFO - Filling up the DagBag from /home/airflow/.local/lib/python3.12/site-packages/airflow/example_dags/example_external_task_marker_dag.py
[2024-05-01T09:42:36.099+0000] {processor.py:840} INFO - DAG(s) 'example_external_task_marker_parent', 'example_external_task_marker_child' retrieved from /home/airflow/.local/lib/python3.12/site-packages/airflow/example_dags/example_external_task_marker_dag.py
[2024-05-01T09:42:36.111+0000] {logging_mixin.py:188} INFO - [2024-05-01T09:42:36.110+0000] {dag.py:3096} INFO - Sync 2 DAGs
[2024-05-01T09:42:36.128+0000] {logging_mixin.py:188} INFO - [2024-05-01T09:42:36.128+0000] {dag.py:3954} INFO - Setting next_dagrun for example_external_task_marker_child to None, run_after=None
[2024-05-01T09:42:36.141+0000] {logging_mixin.py:188} INFO - [2024-05-01T09:42:36.141+0000] {dag.py:3954} INFO - Setting next_dagrun for example_external_task_marker_parent to None, run_after=None
[2024-05-01T09:42:36.161+0000] {processor.py:183} INFO - Processing /home/airflow/.local/lib/python3.12/site-packages/airflow/example_dags/example_external_task_marker_dag.py took 0.079 seconds
[2024-05-01T09:43:06.759+0000] {processor.py:161} INFO - Started process (PID=106) to work on /home/airflow/.local/lib/python3.12/site-packages/airflow/example_dags/example_external_task_marker_dag.py
[2024-05-01T09:43:06.760+0000] {processor.py:830} INFO - Processing file /home/airflow/.local/lib/python3.12/site-packages/airflow/example_dags/example_external_task_marker_dag.py for tasks to queue
[2024-05-01T09:43:06.760+0000] {logging_mixin.py:188} INFO - [2024-05-01T09:43:06.760+0000] {dagbag.py:540} INFO - Filling up the DagBag from /home/airflow/.local/lib/python3.12/site-packages/airflow/example_dags/example_external_task_marker_dag.py
[2024-05-01T09:43:06.764+0000] {processor.py:840} INFO - DAG(s) 'example_external_task_marker_parent', 'example_external_task_marker_child' retrieved from /home/airflow/.local/lib/python3.12/site-packages/airflow/example_dags/example_external_task_marker_dag.py
[2024-05-01T09:43:06.837+0000] {logging_mixin.py:188} INFO - [2024-05-01T09:43:06.837+0000] {dag.py:3096} INFO - Sync 2 DAGs
[2024-05-01T09:43:06.844+0000] {logging_mixin.py:188} INFO - [2024-05-01T09:43:06.844+0000] {dag.py:3954} INFO - Setting next_dagrun for example_external_task_marker_child to None, run_after=None
[2024-05-01T09:43:06.846+0000] {logging_mixin.py:188} INFO - [2024-05-01T09:43:06.846+0000] {dag.py:3954} INFO - Setting next_dagrun for example_external_task_marker_parent to None, run_after=None
[2024-05-01T09:43:06.858+0000] {processor.py:183} INFO - Processing /home/airflow/.local/lib/python3.12/site-packages/airflow/example_dags/example_external_task_marker_dag.py took 0.102 seconds
[2024-05-01T09:43:36.967+0000] {processor.py:161} INFO - Started process (PID=164) to work on /home/airflow/.local/lib/python3.12/site-packages/airflow/example_dags/example_external_task_marker_dag.py
[2024-05-01T09:43:36.969+0000] {processor.py:830} INFO - Processing file /home/airflow/.local/lib/python3.12/site-packages/airflow/example_dags/example_external_task_marker_dag.py for tasks to queue
[2024-05-01T09:43:36.972+0000] {logging_mixin.py:188} INFO - [2024-05-01T09:43:36.972+0000] {dagbag.py:540} INFO - Filling up the DagBag from /home/airflow/.local/lib/python3.12/site-packages/airflow/example_dags/example_external_task_marker_dag.py
[2024-05-01T09:43:36.984+0000] {processor.py:840} INFO - DAG(s) 'example_external_task_marker_child', 'example_external_task_marker_parent' retrieved from /home/airflow/.local/lib/python3.12/site-packages/airflow/example_dags/example_external_task_marker_dag.py
[2024-05-01T09:43:37.025+0000] {logging_mixin.py:188} INFO - [2024-05-01T09:43:37.024+0000] {dag.py:3096} INFO - Sync 2 DAGs
[2024-05-01T09:43:37.048+0000] {logging_mixin.py:188} INFO - [2024-05-01T09:43:37.047+0000] {dag.py:3954} INFO - Setting next_dagrun for example_external_task_marker_child to None, run_after=None
[2024-05-01T09:43:37.054+0000] {logging_mixin.py:188} INFO - [2024-05-01T09:43:37.054+0000] {dag.py:3954} INFO - Setting next_dagrun for example_external_task_marker_parent to None, run_after=None
[2024-05-01T09:43:37.085+0000] {processor.py:183} INFO - Processing /home/airflow/.local/lib/python3.12/site-packages/airflow/example_dags/example_external_task_marker_dag.py took 0.128 seconds
