[2024-05-01T09:42:35.989+0000] {processor.py:161} INFO - Started process (PID=46) to work on /home/airflow/.local/lib/python3.12/site-packages/airflow/example_dags/example_branch_day_of_week_operator.py
[2024-05-01T09:42:35.990+0000] {processor.py:830} INFO - Processing file /home/airflow/.local/lib/python3.12/site-packages/airflow/example_dags/example_branch_day_of_week_operator.py for tasks to queue
[2024-05-01T09:42:35.991+0000] {logging_mixin.py:188} INFO - [2024-05-01T09:42:35.990+0000] {dagbag.py:540} INFO - Filling up the DagBag from /home/airflow/.local/lib/python3.12/site-packages/airflow/example_dags/example_branch_day_of_week_operator.py
[2024-05-01T09:42:35.998+0000] {processor.py:840} INFO - DAG(s) 'example_weekday_branch_operator' retrieved from /home/airflow/.local/lib/python3.12/site-packages/airflow/example_dags/example_branch_day_of_week_operator.py
[2024-05-01T09:42:36.009+0000] {logging_mixin.py:188} INFO - [2024-05-01T09:42:36.009+0000] {dag.py:3096} INFO - Sync 1 DAGs
[2024-05-01T09:42:36.035+0000] {logging_mixin.py:188} INFO - [2024-05-01T09:42:36.035+0000] {dag.py:3954} INFO - Setting next_dagrun for example_weekday_branch_operator to 2024-04-30 00:00:00+00:00, run_after=2024-05-01 00:00:00+00:00
[2024-05-01T09:42:36.057+0000] {processor.py:183} INFO - Processing /home/airflow/.local/lib/python3.12/site-packages/airflow/example_dags/example_branch_day_of_week_operator.py took 0.073 seconds
[2024-05-01T09:43:06.527+0000] {processor.py:161} INFO - Started process (PID=104) to work on /home/airflow/.local/lib/python3.12/site-packages/airflow/example_dags/example_branch_day_of_week_operator.py
[2024-05-01T09:43:06.528+0000] {processor.py:830} INFO - Processing file /home/airflow/.local/lib/python3.12/site-packages/airflow/example_dags/example_branch_day_of_week_operator.py for tasks to queue
[2024-05-01T09:43:06.529+0000] {logging_mixin.py:188} INFO - [2024-05-01T09:43:06.529+0000] {dagbag.py:540} INFO - Filling up the DagBag from /home/airflow/.local/lib/python3.12/site-packages/airflow/example_dags/example_branch_day_of_week_operator.py
[2024-05-01T09:43:06.533+0000] {processor.py:840} INFO - DAG(s) 'example_weekday_branch_operator' retrieved from /home/airflow/.local/lib/python3.12/site-packages/airflow/example_dags/example_branch_day_of_week_operator.py
[2024-05-01T09:43:06.592+0000] {logging_mixin.py:188} INFO - [2024-05-01T09:43:06.592+0000] {dag.py:3096} INFO - Sync 1 DAGs
[2024-05-01T09:43:06.606+0000] {logging_mixin.py:188} INFO - [2024-05-01T09:43:06.605+0000] {dag.py:3954} INFO - Setting next_dagrun for example_weekday_branch_operator to 2024-04-30 00:00:00+00:00, run_after=2024-05-01 00:00:00+00:00
[2024-05-01T09:43:06.618+0000] {processor.py:183} INFO - Processing /home/airflow/.local/lib/python3.12/site-packages/airflow/example_dags/example_branch_day_of_week_operator.py took 0.094 seconds
[2024-05-01T09:43:36.758+0000] {processor.py:161} INFO - Started process (PID=162) to work on /home/airflow/.local/lib/python3.12/site-packages/airflow/example_dags/example_branch_day_of_week_operator.py
[2024-05-01T09:43:36.759+0000] {processor.py:830} INFO - Processing file /home/airflow/.local/lib/python3.12/site-packages/airflow/example_dags/example_branch_day_of_week_operator.py for tasks to queue
[2024-05-01T09:43:36.761+0000] {logging_mixin.py:188} INFO - [2024-05-01T09:43:36.760+0000] {dagbag.py:540} INFO - Filling up the DagBag from /home/airflow/.local/lib/python3.12/site-packages/airflow/example_dags/example_branch_day_of_week_operator.py
[2024-05-01T09:43:36.768+0000] {processor.py:840} INFO - DAG(s) 'example_weekday_branch_operator' retrieved from /home/airflow/.local/lib/python3.12/site-packages/airflow/example_dags/example_branch_day_of_week_operator.py
[2024-05-01T09:43:36.794+0000] {logging_mixin.py:188} INFO - [2024-05-01T09:43:36.793+0000] {dag.py:3096} INFO - Sync 1 DAGs
[2024-05-01T09:43:36.823+0000] {logging_mixin.py:188} INFO - [2024-05-01T09:43:36.823+0000] {dag.py:3954} INFO - Setting next_dagrun for example_weekday_branch_operator to 2024-04-30 00:00:00+00:00, run_after=2024-05-01 00:00:00+00:00
[2024-05-01T09:43:36.843+0000] {processor.py:183} INFO - Processing /home/airflow/.local/lib/python3.12/site-packages/airflow/example_dags/example_branch_day_of_week_operator.py took 0.090 seconds
