[2024-05-01T09:42:36.151+0000] {processor.py:161} INFO - Started process (PID=49) to work on /home/airflow/.local/lib/python3.12/site-packages/airflow/example_dags/example_xcomargs.py
[2024-05-01T09:42:36.151+0000] {processor.py:830} INFO - Processing file /home/airflow/.local/lib/python3.12/site-packages/airflow/example_dags/example_xcomargs.py for tasks to queue
[2024-05-01T09:42:36.153+0000] {logging_mixin.py:188} INFO - [2024-05-01T09:42:36.153+0000] {dagbag.py:540} INFO - Filling up the DagBag from /home/airflow/.local/lib/python3.12/site-packages/airflow/example_dags/example_xcomargs.py
[2024-05-01T09:42:36.165+0000] {processor.py:840} INFO - DAG(s) 'example_xcom_args_with_operators', 'example_xcom_args' retrieved from /home/airflow/.local/lib/python3.12/site-packages/airflow/example_dags/example_xcomargs.py
[2024-05-01T09:42:36.179+0000] {logging_mixin.py:188} INFO - [2024-05-01T09:42:36.179+0000] {dag.py:3096} INFO - Sync 2 DAGs
[2024-05-01T09:42:36.196+0000] {logging_mixin.py:188} INFO - [2024-05-01T09:42:36.195+0000] {dag.py:3954} INFO - Setting next_dagrun for example_xcom_args to None, run_after=None
[2024-05-01T09:42:36.201+0000] {logging_mixin.py:188} INFO - [2024-05-01T09:42:36.200+0000] {dag.py:3954} INFO - Setting next_dagrun for example_xcom_args_with_operators to None, run_after=None
[2024-05-01T09:42:36.219+0000] {processor.py:183} INFO - Processing /home/airflow/.local/lib/python3.12/site-packages/airflow/example_dags/example_xcomargs.py took 0.075 seconds
[2024-05-01T09:43:06.764+0000] {processor.py:161} INFO - Started process (PID=107) to work on /home/airflow/.local/lib/python3.12/site-packages/airflow/example_dags/example_xcomargs.py
[2024-05-01T09:43:06.764+0000] {processor.py:830} INFO - Processing file /home/airflow/.local/lib/python3.12/site-packages/airflow/example_dags/example_xcomargs.py for tasks to queue
[2024-05-01T09:43:06.766+0000] {logging_mixin.py:188} INFO - [2024-05-01T09:43:06.765+0000] {dagbag.py:540} INFO - Filling up the DagBag from /home/airflow/.local/lib/python3.12/site-packages/airflow/example_dags/example_xcomargs.py
[2024-05-01T09:43:06.771+0000] {processor.py:840} INFO - DAG(s) 'example_xcom_args_with_operators', 'example_xcom_args' retrieved from /home/airflow/.local/lib/python3.12/site-packages/airflow/example_dags/example_xcomargs.py
[2024-05-01T09:43:06.861+0000] {logging_mixin.py:188} INFO - [2024-05-01T09:43:06.861+0000] {dag.py:3096} INFO - Sync 2 DAGs
[2024-05-01T09:43:06.871+0000] {logging_mixin.py:188} INFO - [2024-05-01T09:43:06.871+0000] {dag.py:3954} INFO - Setting next_dagrun for example_xcom_args to None, run_after=None
[2024-05-01T09:43:06.874+0000] {logging_mixin.py:188} INFO - [2024-05-01T09:43:06.874+0000] {dag.py:3954} INFO - Setting next_dagrun for example_xcom_args_with_operators to None, run_after=None
[2024-05-01T09:43:06.889+0000] {processor.py:183} INFO - Processing /home/airflow/.local/lib/python3.12/site-packages/airflow/example_dags/example_xcomargs.py took 0.128 seconds
[2024-05-01T09:43:36.982+0000] {processor.py:161} INFO - Started process (PID=165) to work on /home/airflow/.local/lib/python3.12/site-packages/airflow/example_dags/example_xcomargs.py
[2024-05-01T09:43:36.984+0000] {processor.py:830} INFO - Processing file /home/airflow/.local/lib/python3.12/site-packages/airflow/example_dags/example_xcomargs.py for tasks to queue
[2024-05-01T09:43:36.986+0000] {logging_mixin.py:188} INFO - [2024-05-01T09:43:36.986+0000] {dagbag.py:540} INFO - Filling up the DagBag from /home/airflow/.local/lib/python3.12/site-packages/airflow/example_dags/example_xcomargs.py
[2024-05-01T09:43:37.003+0000] {processor.py:840} INFO - DAG(s) 'example_xcom_args', 'example_xcom_args_with_operators' retrieved from /home/airflow/.local/lib/python3.12/site-packages/airflow/example_dags/example_xcomargs.py
[2024-05-01T09:43:37.049+0000] {logging_mixin.py:188} INFO - [2024-05-01T09:43:37.049+0000] {dag.py:3096} INFO - Sync 2 DAGs
[2024-05-01T09:43:37.078+0000] {logging_mixin.py:188} INFO - [2024-05-01T09:43:37.077+0000] {dag.py:3954} INFO - Setting next_dagrun for example_xcom_args to None, run_after=None
[2024-05-01T09:43:37.084+0000] {logging_mixin.py:188} INFO - [2024-05-01T09:43:37.084+0000] {dag.py:3954} INFO - Setting next_dagrun for example_xcom_args_with_operators to None, run_after=None
[2024-05-01T09:43:37.120+0000] {processor.py:183} INFO - Processing /home/airflow/.local/lib/python3.12/site-packages/airflow/example_dags/example_xcomargs.py took 0.149 seconds
