[2024-05-01T09:42:36.184+0000] {processor.py:161} INFO - Started process (PID=50) to work on /home/airflow/.local/lib/python3.12/site-packages/airflow/example_dags/example_latest_only_with_trigger.py
[2024-05-01T09:42:36.184+0000] {processor.py:830} INFO - Processing file /home/airflow/.local/lib/python3.12/site-packages/airflow/example_dags/example_latest_only_with_trigger.py for tasks to queue
[2024-05-01T09:42:36.186+0000] {logging_mixin.py:188} INFO - [2024-05-01T09:42:36.186+0000] {dagbag.py:540} INFO - Filling up the DagBag from /home/airflow/.local/lib/python3.12/site-packages/airflow/example_dags/example_latest_only_with_trigger.py
[2024-05-01T09:42:36.192+0000] {processor.py:840} INFO - DAG(s) 'latest_only_with_trigger' retrieved from /home/airflow/.local/lib/python3.12/site-packages/airflow/example_dags/example_latest_only_with_trigger.py
[2024-05-01T09:42:36.203+0000] {logging_mixin.py:188} INFO - [2024-05-01T09:42:36.203+0000] {dag.py:3096} INFO - Sync 1 DAGs
[2024-05-01T09:42:36.229+0000] {logging_mixin.py:188} INFO - [2024-05-01T09:42:36.229+0000] {dag.py:3954} INFO - Setting next_dagrun for latest_only_with_trigger to 2024-05-01 04:00:00+00:00, run_after=2024-05-01 08:00:00+00:00
[2024-05-01T09:42:36.249+0000] {processor.py:183} INFO - Processing /home/airflow/.local/lib/python3.12/site-packages/airflow/example_dags/example_latest_only_with_trigger.py took 0.069 seconds
[2024-05-01T09:43:06.874+0000] {processor.py:161} INFO - Started process (PID=108) to work on /home/airflow/.local/lib/python3.12/site-packages/airflow/example_dags/example_latest_only_with_trigger.py
[2024-05-01T09:43:06.874+0000] {processor.py:830} INFO - Processing file /home/airflow/.local/lib/python3.12/site-packages/airflow/example_dags/example_latest_only_with_trigger.py for tasks to queue
[2024-05-01T09:43:06.875+0000] {logging_mixin.py:188} INFO - [2024-05-01T09:43:06.875+0000] {dagbag.py:540} INFO - Filling up the DagBag from /home/airflow/.local/lib/python3.12/site-packages/airflow/example_dags/example_latest_only_with_trigger.py
[2024-05-01T09:43:06.879+0000] {processor.py:840} INFO - DAG(s) 'latest_only_with_trigger' retrieved from /home/airflow/.local/lib/python3.12/site-packages/airflow/example_dags/example_latest_only_with_trigger.py
[2024-05-01T09:43:06.961+0000] {logging_mixin.py:188} INFO - [2024-05-01T09:43:06.961+0000] {dag.py:3096} INFO - Sync 1 DAGs
[2024-05-01T09:43:06.978+0000] {logging_mixin.py:188} INFO - [2024-05-01T09:43:06.978+0000] {dag.py:3954} INFO - Setting next_dagrun for latest_only_with_trigger to 2024-05-01 04:00:00+00:00, run_after=2024-05-01 08:00:00+00:00
[2024-05-01T09:43:06.994+0000] {processor.py:183} INFO - Processing /home/airflow/.local/lib/python3.12/site-packages/airflow/example_dags/example_latest_only_with_trigger.py took 0.123 seconds
[2024-05-01T09:43:37.129+0000] {processor.py:161} INFO - Started process (PID=166) to work on /home/airflow/.local/lib/python3.12/site-packages/airflow/example_dags/example_latest_only_with_trigger.py
[2024-05-01T09:43:37.130+0000] {processor.py:830} INFO - Processing file /home/airflow/.local/lib/python3.12/site-packages/airflow/example_dags/example_latest_only_with_trigger.py for tasks to queue
[2024-05-01T09:43:37.134+0000] {logging_mixin.py:188} INFO - [2024-05-01T09:43:37.133+0000] {dagbag.py:540} INFO - Filling up the DagBag from /home/airflow/.local/lib/python3.12/site-packages/airflow/example_dags/example_latest_only_with_trigger.py
[2024-05-01T09:43:37.145+0000] {processor.py:840} INFO - DAG(s) 'latest_only_with_trigger' retrieved from /home/airflow/.local/lib/python3.12/site-packages/airflow/example_dags/example_latest_only_with_trigger.py
[2024-05-01T09:43:37.189+0000] {logging_mixin.py:188} INFO - [2024-05-01T09:43:37.188+0000] {dag.py:3096} INFO - Sync 1 DAGs
[2024-05-01T09:43:37.243+0000] {logging_mixin.py:188} INFO - [2024-05-01T09:43:37.243+0000] {dag.py:3954} INFO - Setting next_dagrun for latest_only_with_trigger to 2024-05-01 04:00:00+00:00, run_after=2024-05-01 08:00:00+00:00
[2024-05-01T09:43:37.287+0000] {processor.py:183} INFO - Processing /home/airflow/.local/lib/python3.12/site-packages/airflow/example_dags/example_latest_only_with_trigger.py took 0.169 seconds
