[2024-05-01T09:42:35.629+0000] {processor.py:161} INFO - Started process (PID=38) to work on /home/airflow/.local/lib/python3.12/site-packages/airflow/example_dags/example_sla_dag.py
[2024-05-01T09:42:35.630+0000] {processor.py:830} INFO - Processing file /home/airflow/.local/lib/python3.12/site-packages/airflow/example_dags/example_sla_dag.py for tasks to queue
[2024-05-01T09:42:35.631+0000] {logging_mixin.py:188} INFO - [2024-05-01T09:42:35.631+0000] {dagbag.py:540} INFO - Filling up the DagBag from /home/airflow/.local/lib/python3.12/site-packages/airflow/example_dags/example_sla_dag.py
[2024-05-01T09:42:35.640+0000] {processor.py:840} INFO - DAG(s) 'example_sla_dag' retrieved from /home/airflow/.local/lib/python3.12/site-packages/airflow/example_dags/example_sla_dag.py
[2024-05-01T09:42:35.652+0000] {logging_mixin.py:188} INFO - [2024-05-01T09:42:35.652+0000] {dag.py:3096} INFO - Sync 1 DAGs
[2024-05-01T09:42:35.679+0000] {logging_mixin.py:188} INFO - [2024-05-01T09:42:35.679+0000] {dag.py:3954} INFO - Setting next_dagrun for example_sla_dag to 2024-05-01 09:40:00+00:00, run_after=2024-05-01 09:42:00+00:00
[2024-05-01T09:42:35.697+0000] {processor.py:183} INFO - Processing /home/airflow/.local/lib/python3.12/site-packages/airflow/example_dags/example_sla_dag.py took 0.074 seconds
[2024-05-01T09:43:05.936+0000] {processor.py:161} INFO - Started process (PID=96) to work on /home/airflow/.local/lib/python3.12/site-packages/airflow/example_dags/example_sla_dag.py
[2024-05-01T09:43:05.937+0000] {processor.py:830} INFO - Processing file /home/airflow/.local/lib/python3.12/site-packages/airflow/example_dags/example_sla_dag.py for tasks to queue
[2024-05-01T09:43:05.938+0000] {logging_mixin.py:188} INFO - [2024-05-01T09:43:05.938+0000] {dagbag.py:540} INFO - Filling up the DagBag from /home/airflow/.local/lib/python3.12/site-packages/airflow/example_dags/example_sla_dag.py
[2024-05-01T09:43:05.943+0000] {processor.py:840} INFO - DAG(s) 'example_sla_dag' retrieved from /home/airflow/.local/lib/python3.12/site-packages/airflow/example_dags/example_sla_dag.py
[2024-05-01T09:43:06.016+0000] {logging_mixin.py:188} INFO - [2024-05-01T09:43:06.016+0000] {dag.py:3096} INFO - Sync 1 DAGs
[2024-05-01T09:43:06.031+0000] {logging_mixin.py:188} INFO - [2024-05-01T09:43:06.031+0000] {dag.py:3954} INFO - Setting next_dagrun for example_sla_dag to 2024-05-01 09:40:00+00:00, run_after=2024-05-01 09:42:00+00:00
[2024-05-01T09:43:06.044+0000] {processor.py:183} INFO - Processing /home/airflow/.local/lib/python3.12/site-packages/airflow/example_dags/example_sla_dag.py took 0.111 seconds
[2024-05-01T09:43:36.416+0000] {processor.py:161} INFO - Started process (PID=154) to work on /home/airflow/.local/lib/python3.12/site-packages/airflow/example_dags/example_sla_dag.py
[2024-05-01T09:43:36.417+0000] {processor.py:830} INFO - Processing file /home/airflow/.local/lib/python3.12/site-packages/airflow/example_dags/example_sla_dag.py for tasks to queue
[2024-05-01T09:43:36.418+0000] {logging_mixin.py:188} INFO - [2024-05-01T09:43:36.418+0000] {dagbag.py:540} INFO - Filling up the DagBag from /home/airflow/.local/lib/python3.12/site-packages/airflow/example_dags/example_sla_dag.py
[2024-05-01T09:43:36.423+0000] {processor.py:840} INFO - DAG(s) 'example_sla_dag' retrieved from /home/airflow/.local/lib/python3.12/site-packages/airflow/example_dags/example_sla_dag.py
[2024-05-01T09:43:36.440+0000] {logging_mixin.py:188} INFO - [2024-05-01T09:43:36.439+0000] {dag.py:3096} INFO - Sync 1 DAGs
[2024-05-01T09:43:36.462+0000] {logging_mixin.py:188} INFO - [2024-05-01T09:43:36.462+0000] {dag.py:3954} INFO - Setting next_dagrun for example_sla_dag to 2024-05-01 09:40:00+00:00, run_after=2024-05-01 09:42:00+00:00
[2024-05-01T09:43:36.479+0000] {processor.py:183} INFO - Processing /home/airflow/.local/lib/python3.12/site-packages/airflow/example_dags/example_sla_dag.py took 0.067 seconds
