[2024-05-01T09:42:35.718+0000] {processor.py:161} INFO - Started process (PID=40) to work on /home/airflow/.local/lib/python3.12/site-packages/airflow/example_dags/example_bash_operator.py
[2024-05-01T09:42:35.718+0000] {processor.py:830} INFO - Processing file /home/airflow/.local/lib/python3.12/site-packages/airflow/example_dags/example_bash_operator.py for tasks to queue
[2024-05-01T09:42:35.720+0000] {logging_mixin.py:188} INFO - [2024-05-01T09:42:35.720+0000] {dagbag.py:540} INFO - Filling up the DagBag from /home/airflow/.local/lib/python3.12/site-packages/airflow/example_dags/example_bash_operator.py
[2024-05-01T09:42:35.729+0000] {processor.py:840} INFO - DAG(s) 'example_bash_operator' retrieved from /home/airflow/.local/lib/python3.12/site-packages/airflow/example_dags/example_bash_operator.py
[2024-05-01T09:42:35.737+0000] {logging_mixin.py:188} INFO - [2024-05-01T09:42:35.737+0000] {dag.py:3096} INFO - Sync 1 DAGs
[2024-05-01T09:42:35.756+0000] {logging_mixin.py:188} INFO - [2024-05-01T09:42:35.756+0000] {dag.py:3954} INFO - Setting next_dagrun for example_bash_operator to 2024-04-30 00:00:00+00:00, run_after=2024-05-01 00:00:00+00:00
[2024-05-01T09:42:35.774+0000] {processor.py:183} INFO - Processing /home/airflow/.local/lib/python3.12/site-packages/airflow/example_dags/example_bash_operator.py took 0.061 seconds
[2024-05-01T09:43:06.060+0000] {processor.py:161} INFO - Started process (PID=98) to work on /home/airflow/.local/lib/python3.12/site-packages/airflow/example_dags/example_bash_operator.py
[2024-05-01T09:43:06.060+0000] {processor.py:830} INFO - Processing file /home/airflow/.local/lib/python3.12/site-packages/airflow/example_dags/example_bash_operator.py for tasks to queue
[2024-05-01T09:43:06.062+0000] {logging_mixin.py:188} INFO - [2024-05-01T09:43:06.061+0000] {dagbag.py:540} INFO - Filling up the DagBag from /home/airflow/.local/lib/python3.12/site-packages/airflow/example_dags/example_bash_operator.py
[2024-05-01T09:43:06.068+0000] {processor.py:840} INFO - DAG(s) 'example_bash_operator' retrieved from /home/airflow/.local/lib/python3.12/site-packages/airflow/example_dags/example_bash_operator.py
[2024-05-01T09:43:06.133+0000] {logging_mixin.py:188} INFO - [2024-05-01T09:43:06.133+0000] {dag.py:3096} INFO - Sync 1 DAGs
[2024-05-01T09:43:06.146+0000] {logging_mixin.py:188} INFO - [2024-05-01T09:43:06.146+0000] {dag.py:3954} INFO - Setting next_dagrun for example_bash_operator to 2024-04-30 00:00:00+00:00, run_after=2024-05-01 00:00:00+00:00
[2024-05-01T09:43:06.158+0000] {processor.py:183} INFO - Processing /home/airflow/.local/lib/python3.12/site-packages/airflow/example_dags/example_bash_operator.py took 0.101 seconds
[2024-05-01T09:43:36.489+0000] {processor.py:161} INFO - Started process (PID=156) to work on /home/airflow/.local/lib/python3.12/site-packages/airflow/example_dags/example_bash_operator.py
[2024-05-01T09:43:36.489+0000] {processor.py:830} INFO - Processing file /home/airflow/.local/lib/python3.12/site-packages/airflow/example_dags/example_bash_operator.py for tasks to queue
[2024-05-01T09:43:36.491+0000] {logging_mixin.py:188} INFO - [2024-05-01T09:43:36.490+0000] {dagbag.py:540} INFO - Filling up the DagBag from /home/airflow/.local/lib/python3.12/site-packages/airflow/example_dags/example_bash_operator.py
[2024-05-01T09:43:36.499+0000] {processor.py:840} INFO - DAG(s) 'example_bash_operator' retrieved from /home/airflow/.local/lib/python3.12/site-packages/airflow/example_dags/example_bash_operator.py
[2024-05-01T09:43:36.528+0000] {logging_mixin.py:188} INFO - [2024-05-01T09:43:36.528+0000] {dag.py:3096} INFO - Sync 1 DAGs
[2024-05-01T09:43:36.546+0000] {logging_mixin.py:188} INFO - [2024-05-01T09:43:36.546+0000] {dag.py:3954} INFO - Setting next_dagrun for example_bash_operator to 2024-04-30 00:00:00+00:00, run_after=2024-05-01 00:00:00+00:00
[2024-05-01T09:43:36.563+0000] {processor.py:183} INFO - Processing /home/airflow/.local/lib/python3.12/site-packages/airflow/example_dags/example_bash_operator.py took 0.078 seconds
