[2024-05-01T09:42:37.331+0000] {processor.py:161} INFO - Started process (PID=66) to work on /home/airflow/.local/lib/python3.12/site-packages/airflow/example_dags/example_datasets.py
[2024-05-01T09:42:37.332+0000] {processor.py:830} INFO - Processing file /home/airflow/.local/lib/python3.12/site-packages/airflow/example_dags/example_datasets.py for tasks to queue
[2024-05-01T09:42:37.333+0000] {logging_mixin.py:188} INFO - [2024-05-01T09:42:37.333+0000] {dagbag.py:540} INFO - Filling up the DagBag from /home/airflow/.local/lib/python3.12/site-packages/airflow/example_dags/example_datasets.py
[2024-05-01T09:42:37.355+0000] {processor.py:840} INFO - DAG(s) 'consume_1_or_2_with_dataset_expressions', 'conditional_dataset_and_time_based_timetable', 'consume_1_or_both_2_and_3_with_dataset_expressions', 'dataset_produces_1', 'dataset_consumes_1', 'dataset_consumes_unknown_never_scheduled', 'dataset_consumes_1_never_scheduled', 'dataset_produces_2', 'consume_1_and_2_with_dataset_expressions', 'dataset_consumes_1_and_2' retrieved from /home/airflow/.local/lib/python3.12/site-packages/airflow/example_dags/example_datasets.py
[2024-05-01T09:42:37.378+0000] {logging_mixin.py:188} INFO - [2024-05-01T09:42:37.377+0000] {dag.py:3096} INFO - Sync 10 DAGs
[2024-05-01T09:42:37.428+0000] {logging_mixin.py:188} INFO - [2024-05-01T09:42:37.427+0000] {dag.py:3954} INFO - Setting next_dagrun for conditional_dataset_and_time_based_timetable to 2024-05-01 01:00:00+00:00, run_after=2024-05-01 01:00:00+00:00
[2024-05-01T09:42:37.432+0000] {logging_mixin.py:188} INFO - [2024-05-01T09:42:37.431+0000] {dag.py:3954} INFO - Setting next_dagrun for consume_1_and_2_with_dataset_expressions to None, run_after=None
[2024-05-01T09:42:37.434+0000] {logging_mixin.py:188} INFO - [2024-05-01T09:42:37.434+0000] {dag.py:3954} INFO - Setting next_dagrun for consume_1_or_2_with_dataset_expressions to None, run_after=None
[2024-05-01T09:42:37.436+0000] {logging_mixin.py:188} INFO - [2024-05-01T09:42:37.436+0000] {dag.py:3954} INFO - Setting next_dagrun for consume_1_or_both_2_and_3_with_dataset_expressions to None, run_after=None
[2024-05-01T09:42:37.438+0000] {logging_mixin.py:188} INFO - [2024-05-01T09:42:37.438+0000] {dag.py:3954} INFO - Setting next_dagrun for dataset_consumes_1 to None, run_after=None
[2024-05-01T09:42:37.440+0000] {logging_mixin.py:188} INFO - [2024-05-01T09:42:37.440+0000] {dag.py:3954} INFO - Setting next_dagrun for dataset_consumes_1_and_2 to None, run_after=None
[2024-05-01T09:42:37.442+0000] {logging_mixin.py:188} INFO - [2024-05-01T09:42:37.442+0000] {dag.py:3954} INFO - Setting next_dagrun for dataset_consumes_1_never_scheduled to None, run_after=None
[2024-05-01T09:42:37.443+0000] {logging_mixin.py:188} INFO - [2024-05-01T09:42:37.443+0000] {dag.py:3954} INFO - Setting next_dagrun for dataset_consumes_unknown_never_scheduled to None, run_after=None
[2024-05-01T09:42:37.446+0000] {logging_mixin.py:188} INFO - [2024-05-01T09:42:37.446+0000] {dag.py:3954} INFO - Setting next_dagrun for dataset_produces_1 to 2024-04-30 00:00:00+00:00, run_after=2024-05-01 00:00:00+00:00
[2024-05-01T09:42:37.447+0000] {logging_mixin.py:188} INFO - [2024-05-01T09:42:37.447+0000] {dag.py:3954} INFO - Setting next_dagrun for dataset_produces_2 to None, run_after=None
[2024-05-01T09:42:37.492+0000] {processor.py:183} INFO - Processing /home/airflow/.local/lib/python3.12/site-packages/airflow/example_dags/example_datasets.py took 0.166 seconds
[2024-05-01T09:43:08.091+0000] {processor.py:161} INFO - Started process (PID=124) to work on /home/airflow/.local/lib/python3.12/site-packages/airflow/example_dags/example_datasets.py
[2024-05-01T09:43:08.091+0000] {processor.py:830} INFO - Processing file /home/airflow/.local/lib/python3.12/site-packages/airflow/example_dags/example_datasets.py for tasks to queue
[2024-05-01T09:43:08.092+0000] {logging_mixin.py:188} INFO - [2024-05-01T09:43:08.092+0000] {dagbag.py:540} INFO - Filling up the DagBag from /home/airflow/.local/lib/python3.12/site-packages/airflow/example_dags/example_datasets.py
[2024-05-01T09:43:08.105+0000] {processor.py:840} INFO - DAG(s) 'conditional_dataset_and_time_based_timetable', 'consume_1_or_2_with_dataset_expressions', 'consume_1_or_both_2_and_3_with_dataset_expressions', 'consume_1_and_2_with_dataset_expressions', 'dataset_consumes_1_and_2', 'dataset_produces_2', 'dataset_consumes_1', 'dataset_consumes_1_never_scheduled', 'dataset_produces_1', 'dataset_consumes_unknown_never_scheduled' retrieved from /home/airflow/.local/lib/python3.12/site-packages/airflow/example_dags/example_datasets.py
[2024-05-01T09:43:08.240+0000] {logging_mixin.py:188} INFO - [2024-05-01T09:43:08.240+0000] {dag.py:3096} INFO - Sync 10 DAGs
[2024-05-01T09:43:08.255+0000] {logging_mixin.py:188} INFO - [2024-05-01T09:43:08.255+0000] {dag.py:3954} INFO - Setting next_dagrun for conditional_dataset_and_time_based_timetable to 2024-05-01 01:00:00+00:00, run_after=2024-05-01 01:00:00+00:00
[2024-05-01T09:43:08.257+0000] {logging_mixin.py:188} INFO - [2024-05-01T09:43:08.257+0000] {dag.py:3954} INFO - Setting next_dagrun for consume_1_and_2_with_dataset_expressions to None, run_after=None
[2024-05-01T09:43:08.258+0000] {logging_mixin.py:188} INFO - [2024-05-01T09:43:08.258+0000] {dag.py:3954} INFO - Setting next_dagrun for consume_1_or_2_with_dataset_expressions to None, run_after=None
[2024-05-01T09:43:08.259+0000] {logging_mixin.py:188} INFO - [2024-05-01T09:43:08.259+0000] {dag.py:3954} INFO - Setting next_dagrun for consume_1_or_both_2_and_3_with_dataset_expressions to None, run_after=None
[2024-05-01T09:43:08.260+0000] {logging_mixin.py:188} INFO - [2024-05-01T09:43:08.260+0000] {dag.py:3954} INFO - Setting next_dagrun for dataset_consumes_1 to None, run_after=None
[2024-05-01T09:43:08.261+0000] {logging_mixin.py:188} INFO - [2024-05-01T09:43:08.261+0000] {dag.py:3954} INFO - Setting next_dagrun for dataset_consumes_1_and_2 to None, run_after=None
[2024-05-01T09:43:08.261+0000] {logging_mixin.py:188} INFO - [2024-05-01T09:43:08.261+0000] {dag.py:3954} INFO - Setting next_dagrun for dataset_consumes_1_never_scheduled to None, run_after=None
[2024-05-01T09:43:08.262+0000] {logging_mixin.py:188} INFO - [2024-05-01T09:43:08.262+0000] {dag.py:3954} INFO - Setting next_dagrun for dataset_consumes_unknown_never_scheduled to None, run_after=None
[2024-05-01T09:43:08.264+0000] {logging_mixin.py:188} INFO - [2024-05-01T09:43:08.264+0000] {dag.py:3954} INFO - Setting next_dagrun for dataset_produces_1 to 2024-04-30 00:00:00+00:00, run_after=2024-05-01 00:00:00+00:00
[2024-05-01T09:43:08.264+0000] {logging_mixin.py:188} INFO - [2024-05-01T09:43:08.264+0000] {dag.py:3954} INFO - Setting next_dagrun for dataset_produces_2 to None, run_after=None
[2024-05-01T09:43:08.286+0000] {processor.py:183} INFO - Processing /home/airflow/.local/lib/python3.12/site-packages/airflow/example_dags/example_datasets.py took 0.200 seconds
[2024-05-01T09:43:39.838+0000] {processor.py:161} INFO - Started process (PID=182) to work on /home/airflow/.local/lib/python3.12/site-packages/airflow/example_dags/example_datasets.py
[2024-05-01T09:43:39.839+0000] {processor.py:830} INFO - Processing file /home/airflow/.local/lib/python3.12/site-packages/airflow/example_dags/example_datasets.py for tasks to queue
[2024-05-01T09:43:39.842+0000] {logging_mixin.py:188} INFO - [2024-05-01T09:43:39.841+0000] {dagbag.py:540} INFO - Filling up the DagBag from /home/airflow/.local/lib/python3.12/site-packages/airflow/example_dags/example_datasets.py
[2024-05-01T09:43:39.874+0000] {processor.py:840} INFO - DAG(s) 'conditional_dataset_and_time_based_timetable', 'dataset_produces_1', 'consume_1_or_both_2_and_3_with_dataset_expressions', 'dataset_consumes_1_and_2', 'dataset_consumes_1', 'dataset_produces_2', 'dataset_consumes_unknown_never_scheduled', 'dataset_consumes_1_never_scheduled', 'consume_1_and_2_with_dataset_expressions', 'consume_1_or_2_with_dataset_expressions' retrieved from /home/airflow/.local/lib/python3.12/site-packages/airflow/example_dags/example_datasets.py
[2024-05-01T09:43:39.990+0000] {logging_mixin.py:188} INFO - [2024-05-01T09:43:39.988+0000] {dag.py:3096} INFO - Sync 10 DAGs
[2024-05-01T09:43:40.112+0000] {logging_mixin.py:188} INFO - [2024-05-01T09:43:40.110+0000] {dag.py:3954} INFO - Setting next_dagrun for conditional_dataset_and_time_based_timetable to 2024-05-01 01:00:00+00:00, run_after=2024-05-01 01:00:00+00:00
[2024-05-01T09:43:40.149+0000] {logging_mixin.py:188} INFO - [2024-05-01T09:43:40.148+0000] {dag.py:3954} INFO - Setting next_dagrun for consume_1_and_2_with_dataset_expressions to None, run_after=None
[2024-05-01T09:43:40.159+0000] {logging_mixin.py:188} INFO - [2024-05-01T09:43:40.158+0000] {dag.py:3954} INFO - Setting next_dagrun for consume_1_or_2_with_dataset_expressions to None, run_after=None
[2024-05-01T09:43:40.165+0000] {logging_mixin.py:188} INFO - [2024-05-01T09:43:40.165+0000] {dag.py:3954} INFO - Setting next_dagrun for consume_1_or_both_2_and_3_with_dataset_expressions to None, run_after=None
[2024-05-01T09:43:40.170+0000] {logging_mixin.py:188} INFO - [2024-05-01T09:43:40.169+0000] {dag.py:3954} INFO - Setting next_dagrun for dataset_consumes_1 to None, run_after=None
[2024-05-01T09:43:40.173+0000] {logging_mixin.py:188} INFO - [2024-05-01T09:43:40.173+0000] {dag.py:3954} INFO - Setting next_dagrun for dataset_consumes_1_and_2 to None, run_after=None
[2024-05-01T09:43:40.177+0000] {logging_mixin.py:188} INFO - [2024-05-01T09:43:40.176+0000] {dag.py:3954} INFO - Setting next_dagrun for dataset_consumes_1_never_scheduled to None, run_after=None
[2024-05-01T09:43:40.181+0000] {logging_mixin.py:188} INFO - [2024-05-01T09:43:40.180+0000] {dag.py:3954} INFO - Setting next_dagrun for dataset_consumes_unknown_never_scheduled to None, run_after=None
[2024-05-01T09:43:40.203+0000] {logging_mixin.py:188} INFO - [2024-05-01T09:43:40.202+0000] {dag.py:3954} INFO - Setting next_dagrun for dataset_produces_1 to 2024-04-30 00:00:00+00:00, run_after=2024-05-01 00:00:00+00:00
[2024-05-01T09:43:40.213+0000] {logging_mixin.py:188} INFO - [2024-05-01T09:43:40.212+0000] {dag.py:3954} INFO - Setting next_dagrun for dataset_produces_2 to None, run_after=None
[2024-05-01T09:43:40.420+0000] {processor.py:183} INFO - Processing /home/airflow/.local/lib/python3.12/site-packages/airflow/example_dags/example_datasets.py took 0.592 seconds
