[2024-05-01T09:42:37.897+0000] {processor.py:161} INFO - Started process (PID=78) to work on /home/airflow/.local/lib/python3.12/site-packages/airflow/example_dags/example_branch_operator.py
[2024-05-01T09:42:37.898+0000] {processor.py:830} INFO - Processing file /home/airflow/.local/lib/python3.12/site-packages/airflow/example_dags/example_branch_operator.py for tasks to queue
[2024-05-01T09:42:37.899+0000] {logging_mixin.py:188} INFO - [2024-05-01T09:42:37.899+0000] {dagbag.py:540} INFO - Filling up the DagBag from /home/airflow/.local/lib/python3.12/site-packages/airflow/example_dags/example_branch_operator.py
[2024-05-01T09:42:37.910+0000] {processor.py:840} INFO - DAG(s) 'example_branch_operator' retrieved from /home/airflow/.local/lib/python3.12/site-packages/airflow/example_dags/example_branch_operator.py
[2024-05-01T09:42:37.922+0000] {logging_mixin.py:188} INFO - [2024-05-01T09:42:37.921+0000] {dag.py:3096} INFO - Sync 1 DAGs
[2024-05-01T09:42:37.950+0000] {logging_mixin.py:188} INFO - [2024-05-01T09:42:37.949+0000] {dag.py:3954} INFO - Setting next_dagrun for example_branch_operator to 2024-04-30 00:00:00+00:00, run_after=2024-05-01 00:00:00+00:00
[2024-05-01T09:42:37.982+0000] {processor.py:183} INFO - Processing /home/airflow/.local/lib/python3.12/site-packages/airflow/example_dags/example_branch_operator.py took 0.089 seconds
[2024-05-01T09:43:08.854+0000] {processor.py:161} INFO - Started process (PID=136) to work on /home/airflow/.local/lib/python3.12/site-packages/airflow/example_dags/example_branch_operator.py
[2024-05-01T09:43:08.855+0000] {processor.py:830} INFO - Processing file /home/airflow/.local/lib/python3.12/site-packages/airflow/example_dags/example_branch_operator.py for tasks to queue
[2024-05-01T09:43:08.856+0000] {logging_mixin.py:188} INFO - [2024-05-01T09:43:08.856+0000] {dagbag.py:540} INFO - Filling up the DagBag from /home/airflow/.local/lib/python3.12/site-packages/airflow/example_dags/example_branch_operator.py
[2024-05-01T09:43:08.868+0000] {processor.py:840} INFO - DAG(s) 'example_branch_operator' retrieved from /home/airflow/.local/lib/python3.12/site-packages/airflow/example_dags/example_branch_operator.py
[2024-05-01T09:43:08.942+0000] {logging_mixin.py:188} INFO - [2024-05-01T09:43:08.942+0000] {dag.py:3096} INFO - Sync 1 DAGs
[2024-05-01T09:43:08.955+0000] {logging_mixin.py:188} INFO - [2024-05-01T09:43:08.955+0000] {dag.py:3954} INFO - Setting next_dagrun for example_branch_operator to 2024-04-30 00:00:00+00:00, run_after=2024-05-01 00:00:00+00:00
[2024-05-01T09:43:08.973+0000] {processor.py:183} INFO - Processing /home/airflow/.local/lib/python3.12/site-packages/airflow/example_dags/example_branch_operator.py took 0.123 seconds
[2024-05-01T09:43:42.583+0000] {processor.py:161} INFO - Started process (PID=194) to work on /home/airflow/.local/lib/python3.12/site-packages/airflow/example_dags/example_branch_operator.py
[2024-05-01T09:43:42.585+0000] {processor.py:830} INFO - Processing file /home/airflow/.local/lib/python3.12/site-packages/airflow/example_dags/example_branch_operator.py for tasks to queue
[2024-05-01T09:43:42.589+0000] {logging_mixin.py:188} INFO - [2024-05-01T09:43:42.588+0000] {dagbag.py:540} INFO - Filling up the DagBag from /home/airflow/.local/lib/python3.12/site-packages/airflow/example_dags/example_branch_operator.py
[2024-05-01T09:43:42.634+0000] {processor.py:840} INFO - DAG(s) 'example_branch_operator' retrieved from /home/airflow/.local/lib/python3.12/site-packages/airflow/example_dags/example_branch_operator.py
[2024-05-01T09:43:42.802+0000] {logging_mixin.py:188} INFO - [2024-05-01T09:43:42.801+0000] {dag.py:3096} INFO - Sync 1 DAGs
[2024-05-01T09:43:42.888+0000] {logging_mixin.py:188} INFO - [2024-05-01T09:43:42.888+0000] {dag.py:3954} INFO - Setting next_dagrun for example_branch_operator to 2024-04-30 00:00:00+00:00, run_after=2024-05-01 00:00:00+00:00
[2024-05-01T09:43:42.963+0000] {processor.py:183} INFO - Processing /home/airflow/.local/lib/python3.12/site-packages/airflow/example_dags/example_branch_operator.py took 0.399 seconds
