[2024-05-01T09:42:36.643+0000] {processor.py:161} INFO - Started process (PID=56) to work on /home/airflow/.local/lib/python3.12/site-packages/airflow/example_dags/example_display_name.py
[2024-05-01T09:42:36.644+0000] {processor.py:830} INFO - Processing file /home/airflow/.local/lib/python3.12/site-packages/airflow/example_dags/example_display_name.py for tasks to queue
[2024-05-01T09:42:36.645+0000] {logging_mixin.py:188} INFO - [2024-05-01T09:42:36.645+0000] {dagbag.py:540} INFO - Filling up the DagBag from /home/airflow/.local/lib/python3.12/site-packages/airflow/example_dags/example_display_name.py
[2024-05-01T09:42:36.652+0000] {processor.py:840} INFO - DAG(s) 'example_display_name' retrieved from /home/airflow/.local/lib/python3.12/site-packages/airflow/example_dags/example_display_name.py
[2024-05-01T09:42:36.665+0000] {logging_mixin.py:188} INFO - [2024-05-01T09:42:36.665+0000] {dag.py:3096} INFO - Sync 1 DAGs
[2024-05-01T09:42:36.677+0000] {logging_mixin.py:188} INFO - [2024-05-01T09:42:36.677+0000] {dag.py:3954} INFO - Setting next_dagrun for example_display_name to None, run_after=None
[2024-05-01T09:42:36.695+0000] {processor.py:183} INFO - Processing /home/airflow/.local/lib/python3.12/site-packages/airflow/example_dags/example_display_name.py took 0.057 seconds
[2024-05-01T09:43:07.248+0000] {processor.py:161} INFO - Started process (PID=114) to work on /home/airflow/.local/lib/python3.12/site-packages/airflow/example_dags/example_display_name.py
[2024-05-01T09:43:07.248+0000] {processor.py:830} INFO - Processing file /home/airflow/.local/lib/python3.12/site-packages/airflow/example_dags/example_display_name.py for tasks to queue
[2024-05-01T09:43:07.249+0000] {logging_mixin.py:188} INFO - [2024-05-01T09:43:07.249+0000] {dagbag.py:540} INFO - Filling up the DagBag from /home/airflow/.local/lib/python3.12/site-packages/airflow/example_dags/example_display_name.py
[2024-05-01T09:43:07.253+0000] {processor.py:840} INFO - DAG(s) 'example_display_name' retrieved from /home/airflow/.local/lib/python3.12/site-packages/airflow/example_dags/example_display_name.py
[2024-05-01T09:43:07.322+0000] {logging_mixin.py:188} INFO - [2024-05-01T09:43:07.322+0000] {dag.py:3096} INFO - Sync 1 DAGs
[2024-05-01T09:43:07.330+0000] {logging_mixin.py:188} INFO - [2024-05-01T09:43:07.330+0000] {dag.py:3954} INFO - Setting next_dagrun for example_display_name to None, run_after=None
[2024-05-01T09:43:07.346+0000] {processor.py:183} INFO - Processing /home/airflow/.local/lib/python3.12/site-packages/airflow/example_dags/example_display_name.py took 0.102 seconds
[2024-05-01T09:43:37.903+0000] {processor.py:161} INFO - Started process (PID=172) to work on /home/airflow/.local/lib/python3.12/site-packages/airflow/example_dags/example_display_name.py
[2024-05-01T09:43:37.904+0000] {processor.py:830} INFO - Processing file /home/airflow/.local/lib/python3.12/site-packages/airflow/example_dags/example_display_name.py for tasks to queue
[2024-05-01T09:43:37.907+0000] {logging_mixin.py:188} INFO - [2024-05-01T09:43:37.906+0000] {dagbag.py:540} INFO - Filling up the DagBag from /home/airflow/.local/lib/python3.12/site-packages/airflow/example_dags/example_display_name.py
[2024-05-01T09:43:37.916+0000] {processor.py:840} INFO - DAG(s) 'example_display_name' retrieved from /home/airflow/.local/lib/python3.12/site-packages/airflow/example_dags/example_display_name.py
[2024-05-01T09:43:37.977+0000] {logging_mixin.py:188} INFO - [2024-05-01T09:43:37.975+0000] {dag.py:3096} INFO - Sync 1 DAGs
[2024-05-01T09:43:38.041+0000] {logging_mixin.py:188} INFO - [2024-05-01T09:43:38.040+0000] {dag.py:3954} INFO - Setting next_dagrun for example_display_name to None, run_after=None
[2024-05-01T09:43:38.084+0000] {processor.py:183} INFO - Processing /home/airflow/.local/lib/python3.12/site-packages/airflow/example_dags/example_display_name.py took 0.193 seconds
