[2024-05-01T09:42:37.173+0000] {processor.py:161} INFO - Started process (PID=63) to work on /home/airflow/.local/lib/python3.12/site-packages/airflow/example_dags/example_latest_only.py
[2024-05-01T09:42:37.173+0000] {processor.py:830} INFO - Processing file /home/airflow/.local/lib/python3.12/site-packages/airflow/example_dags/example_latest_only.py for tasks to queue
[2024-05-01T09:42:37.175+0000] {logging_mixin.py:188} INFO - [2024-05-01T09:42:37.175+0000] {dagbag.py:540} INFO - Filling up the DagBag from /home/airflow/.local/lib/python3.12/site-packages/airflow/example_dags/example_latest_only.py
[2024-05-01T09:42:37.180+0000] {processor.py:840} INFO - DAG(s) 'latest_only' retrieved from /home/airflow/.local/lib/python3.12/site-packages/airflow/example_dags/example_latest_only.py
[2024-05-01T09:42:37.192+0000] {logging_mixin.py:188} INFO - [2024-05-01T09:42:37.192+0000] {dag.py:3096} INFO - Sync 1 DAGs
[2024-05-01T09:42:37.218+0000] {logging_mixin.py:188} INFO - [2024-05-01T09:42:37.218+0000] {dag.py:3954} INFO - Setting next_dagrun for latest_only to 2024-05-01 04:00:00+00:00, run_after=2024-05-01 08:00:00+00:00
[2024-05-01T09:42:37.237+0000] {processor.py:183} INFO - Processing /home/airflow/.local/lib/python3.12/site-packages/airflow/example_dags/example_latest_only.py took 0.071 seconds
[2024-05-01T09:43:07.803+0000] {processor.py:161} INFO - Started process (PID=121) to work on /home/airflow/.local/lib/python3.12/site-packages/airflow/example_dags/example_latest_only.py
[2024-05-01T09:43:07.804+0000] {processor.py:830} INFO - Processing file /home/airflow/.local/lib/python3.12/site-packages/airflow/example_dags/example_latest_only.py for tasks to queue
[2024-05-01T09:43:07.806+0000] {logging_mixin.py:188} INFO - [2024-05-01T09:43:07.806+0000] {dagbag.py:540} INFO - Filling up the DagBag from /home/airflow/.local/lib/python3.12/site-packages/airflow/example_dags/example_latest_only.py
[2024-05-01T09:43:07.810+0000] {processor.py:840} INFO - DAG(s) 'latest_only' retrieved from /home/airflow/.local/lib/python3.12/site-packages/airflow/example_dags/example_latest_only.py
[2024-05-01T09:43:07.900+0000] {logging_mixin.py:188} INFO - [2024-05-01T09:43:07.900+0000] {dag.py:3096} INFO - Sync 1 DAGs
[2024-05-01T09:43:07.923+0000] {logging_mixin.py:188} INFO - [2024-05-01T09:43:07.923+0000] {dag.py:3954} INFO - Setting next_dagrun for latest_only to 2024-05-01 04:00:00+00:00, run_after=2024-05-01 08:00:00+00:00
[2024-05-01T09:43:07.940+0000] {processor.py:183} INFO - Processing /home/airflow/.local/lib/python3.12/site-packages/airflow/example_dags/example_latest_only.py took 0.143 seconds
[2024-05-01T09:43:39.210+0000] {processor.py:161} INFO - Started process (PID=179) to work on /home/airflow/.local/lib/python3.12/site-packages/airflow/example_dags/example_latest_only.py
[2024-05-01T09:43:39.211+0000] {processor.py:830} INFO - Processing file /home/airflow/.local/lib/python3.12/site-packages/airflow/example_dags/example_latest_only.py for tasks to queue
[2024-05-01T09:43:39.216+0000] {logging_mixin.py:188} INFO - [2024-05-01T09:43:39.215+0000] {dagbag.py:540} INFO - Filling up the DagBag from /home/airflow/.local/lib/python3.12/site-packages/airflow/example_dags/example_latest_only.py
[2024-05-01T09:43:39.235+0000] {processor.py:840} INFO - DAG(s) 'latest_only' retrieved from /home/airflow/.local/lib/python3.12/site-packages/airflow/example_dags/example_latest_only.py
[2024-05-01T09:43:39.292+0000] {logging_mixin.py:188} INFO - [2024-05-01T09:43:39.291+0000] {dag.py:3096} INFO - Sync 1 DAGs
[2024-05-01T09:43:39.398+0000] {logging_mixin.py:188} INFO - [2024-05-01T09:43:39.396+0000] {dag.py:3954} INFO - Setting next_dagrun for latest_only to 2024-05-01 04:00:00+00:00, run_after=2024-05-01 08:00:00+00:00
[2024-05-01T09:43:39.489+0000] {processor.py:183} INFO - Processing /home/airflow/.local/lib/python3.12/site-packages/airflow/example_dags/example_latest_only.py took 0.289 seconds
