[2024-05-01T09:42:35.410+0000] {processor.py:161} INFO - Started process (PID=35) to work on /home/airflow/.local/lib/python3.12/site-packages/airflow/example_dags/example_task_group_decorator.py
[2024-05-01T09:42:35.411+0000] {processor.py:830} INFO - Processing file /home/airflow/.local/lib/python3.12/site-packages/airflow/example_dags/example_task_group_decorator.py for tasks to queue
[2024-05-01T09:42:35.414+0000] {logging_mixin.py:188} INFO - [2024-05-01T09:42:35.413+0000] {dagbag.py:540} INFO - Filling up the DagBag from /home/airflow/.local/lib/python3.12/site-packages/airflow/example_dags/example_task_group_decorator.py
[2024-05-01T09:42:35.439+0000] {processor.py:840} INFO - DAG(s) 'example_task_group_decorator' retrieved from /home/airflow/.local/lib/python3.12/site-packages/airflow/example_dags/example_task_group_decorator.py
[2024-05-01T09:42:35.470+0000] {logging_mixin.py:188} INFO - [2024-05-01T09:42:35.470+0000] {dag.py:3096} INFO - Sync 1 DAGs
[2024-05-01T09:42:35.495+0000] {logging_mixin.py:188} INFO - [2024-05-01T09:42:35.494+0000] {dag.py:3954} INFO - Setting next_dagrun for example_task_group_decorator to 2024-04-30 00:00:00+00:00, run_after=2024-05-01 00:00:00+00:00
[2024-05-01T09:42:35.519+0000] {processor.py:183} INFO - Processing /home/airflow/.local/lib/python3.12/site-packages/airflow/example_dags/example_task_group_decorator.py took 0.117 seconds
[2024-05-01T09:43:05.610+0000] {processor.py:161} INFO - Started process (PID=93) to work on /home/airflow/.local/lib/python3.12/site-packages/airflow/example_dags/example_task_group_decorator.py
[2024-05-01T09:43:05.611+0000] {processor.py:830} INFO - Processing file /home/airflow/.local/lib/python3.12/site-packages/airflow/example_dags/example_task_group_decorator.py for tasks to queue
[2024-05-01T09:43:05.613+0000] {logging_mixin.py:188} INFO - [2024-05-01T09:43:05.612+0000] {dagbag.py:540} INFO - Filling up the DagBag from /home/airflow/.local/lib/python3.12/site-packages/airflow/example_dags/example_task_group_decorator.py
[2024-05-01T09:43:05.624+0000] {processor.py:840} INFO - DAG(s) 'example_task_group_decorator' retrieved from /home/airflow/.local/lib/python3.12/site-packages/airflow/example_dags/example_task_group_decorator.py
[2024-05-01T09:43:05.778+0000] {logging_mixin.py:188} INFO - [2024-05-01T09:43:05.778+0000] {dag.py:3096} INFO - Sync 1 DAGs
[2024-05-01T09:43:05.790+0000] {logging_mixin.py:188} INFO - [2024-05-01T09:43:05.790+0000] {dag.py:3954} INFO - Setting next_dagrun for example_task_group_decorator to 2024-04-30 00:00:00+00:00, run_after=2024-05-01 00:00:00+00:00
[2024-05-01T09:43:05.801+0000] {processor.py:183} INFO - Processing /home/airflow/.local/lib/python3.12/site-packages/airflow/example_dags/example_task_group_decorator.py took 0.196 seconds
[2024-05-01T09:43:36.275+0000] {processor.py:161} INFO - Started process (PID=151) to work on /home/airflow/.local/lib/python3.12/site-packages/airflow/example_dags/example_task_group_decorator.py
[2024-05-01T09:43:36.275+0000] {processor.py:830} INFO - Processing file /home/airflow/.local/lib/python3.12/site-packages/airflow/example_dags/example_task_group_decorator.py for tasks to queue
[2024-05-01T09:43:36.277+0000] {logging_mixin.py:188} INFO - [2024-05-01T09:43:36.276+0000] {dagbag.py:540} INFO - Filling up the DagBag from /home/airflow/.local/lib/python3.12/site-packages/airflow/example_dags/example_task_group_decorator.py
[2024-05-01T09:43:36.286+0000] {processor.py:840} INFO - DAG(s) 'example_task_group_decorator' retrieved from /home/airflow/.local/lib/python3.12/site-packages/airflow/example_dags/example_task_group_decorator.py
[2024-05-01T09:43:36.304+0000] {logging_mixin.py:188} INFO - [2024-05-01T09:43:36.304+0000] {dag.py:3096} INFO - Sync 1 DAGs
[2024-05-01T09:43:36.318+0000] {logging_mixin.py:188} INFO - [2024-05-01T09:43:36.318+0000] {dag.py:3954} INFO - Setting next_dagrun for example_task_group_decorator to 2024-04-30 00:00:00+00:00, run_after=2024-05-01 00:00:00+00:00
[2024-05-01T09:43:36.330+0000] {processor.py:183} INFO - Processing /home/airflow/.local/lib/python3.12/site-packages/airflow/example_dags/example_task_group_decorator.py took 0.061 seconds
