[2024-05-01T09:42:37.787+0000] {processor.py:161} INFO - Started process (PID=75) to work on /home/airflow/.local/lib/python3.12/site-packages/airflow/example_dags/tutorial_dag.py
[2024-05-01T09:42:37.788+0000] {processor.py:830} INFO - Processing file /home/airflow/.local/lib/python3.12/site-packages/airflow/example_dags/tutorial_dag.py for tasks to queue
[2024-05-01T09:42:37.790+0000] {logging_mixin.py:188} INFO - [2024-05-01T09:42:37.790+0000] {dagbag.py:540} INFO - Filling up the DagBag from /home/airflow/.local/lib/python3.12/site-packages/airflow/example_dags/tutorial_dag.py
[2024-05-01T09:42:37.797+0000] {processor.py:840} INFO - DAG(s) 'tutorial_dag' retrieved from /home/airflow/.local/lib/python3.12/site-packages/airflow/example_dags/tutorial_dag.py
[2024-05-01T09:42:37.812+0000] {logging_mixin.py:188} INFO - [2024-05-01T09:42:37.812+0000] {dag.py:3096} INFO - Sync 1 DAGs
[2024-05-01T09:42:37.828+0000] {logging_mixin.py:188} INFO - [2024-05-01T09:42:37.828+0000] {dag.py:3954} INFO - Setting next_dagrun for tutorial_dag to None, run_after=None
[2024-05-01T09:42:37.850+0000] {processor.py:183} INFO - Processing /home/airflow/.local/lib/python3.12/site-packages/airflow/example_dags/tutorial_dag.py took 0.070 seconds
[2024-05-01T09:43:08.687+0000] {processor.py:161} INFO - Started process (PID=133) to work on /home/airflow/.local/lib/python3.12/site-packages/airflow/example_dags/tutorial_dag.py
[2024-05-01T09:43:08.687+0000] {processor.py:830} INFO - Processing file /home/airflow/.local/lib/python3.12/site-packages/airflow/example_dags/tutorial_dag.py for tasks to queue
[2024-05-01T09:43:08.688+0000] {logging_mixin.py:188} INFO - [2024-05-01T09:43:08.688+0000] {dagbag.py:540} INFO - Filling up the DagBag from /home/airflow/.local/lib/python3.12/site-packages/airflow/example_dags/tutorial_dag.py
[2024-05-01T09:43:08.692+0000] {processor.py:840} INFO - DAG(s) 'tutorial_dag' retrieved from /home/airflow/.local/lib/python3.12/site-packages/airflow/example_dags/tutorial_dag.py
[2024-05-01T09:43:08.764+0000] {logging_mixin.py:188} INFO - [2024-05-01T09:43:08.764+0000] {dag.py:3096} INFO - Sync 1 DAGs
[2024-05-01T09:43:08.771+0000] {logging_mixin.py:188} INFO - [2024-05-01T09:43:08.771+0000] {dag.py:3954} INFO - Setting next_dagrun for tutorial_dag to None, run_after=None
[2024-05-01T09:43:08.784+0000] {processor.py:183} INFO - Processing /home/airflow/.local/lib/python3.12/site-packages/airflow/example_dags/tutorial_dag.py took 0.100 seconds
[2024-05-01T09:43:41.975+0000] {processor.py:161} INFO - Started process (PID=191) to work on /home/airflow/.local/lib/python3.12/site-packages/airflow/example_dags/tutorial_dag.py
[2024-05-01T09:43:41.977+0000] {processor.py:830} INFO - Processing file /home/airflow/.local/lib/python3.12/site-packages/airflow/example_dags/tutorial_dag.py for tasks to queue
[2024-05-01T09:43:41.982+0000] {logging_mixin.py:188} INFO - [2024-05-01T09:43:41.981+0000] {dagbag.py:540} INFO - Filling up the DagBag from /home/airflow/.local/lib/python3.12/site-packages/airflow/example_dags/tutorial_dag.py
[2024-05-01T09:43:42.006+0000] {processor.py:840} INFO - DAG(s) 'tutorial_dag' retrieved from /home/airflow/.local/lib/python3.12/site-packages/airflow/example_dags/tutorial_dag.py
[2024-05-01T09:43:42.078+0000] {logging_mixin.py:188} INFO - [2024-05-01T09:43:42.077+0000] {dag.py:3096} INFO - Sync 1 DAGs
[2024-05-01T09:43:42.120+0000] {logging_mixin.py:188} INFO - [2024-05-01T09:43:42.118+0000] {dag.py:3954} INFO - Setting next_dagrun for tutorial_dag to None, run_after=None
[2024-05-01T09:43:42.231+0000] {processor.py:183} INFO - Processing /home/airflow/.local/lib/python3.12/site-packages/airflow/example_dags/tutorial_dag.py took 0.268 seconds
