[2024-05-01T09:42:37.989+0000] {processor.py:161} INFO - Started process (PID=79) to work on /home/airflow/.local/lib/python3.12/site-packages/airflow/example_dags/tutorial.py
[2024-05-01T09:42:37.990+0000] {processor.py:830} INFO - Processing file /home/airflow/.local/lib/python3.12/site-packages/airflow/example_dags/tutorial.py for tasks to queue
[2024-05-01T09:42:37.991+0000] {logging_mixin.py:188} INFO - [2024-05-01T09:42:37.991+0000] {dagbag.py:540} INFO - Filling up the DagBag from /home/airflow/.local/lib/python3.12/site-packages/airflow/example_dags/tutorial.py
[2024-05-01T09:42:37.997+0000] {processor.py:840} INFO - DAG(s) 'tutorial' retrieved from /home/airflow/.local/lib/python3.12/site-packages/airflow/example_dags/tutorial.py
[2024-05-01T09:42:38.010+0000] {logging_mixin.py:188} INFO - [2024-05-01T09:42:38.010+0000] {dag.py:3096} INFO - Sync 1 DAGs
[2024-05-01T09:42:38.034+0000] {logging_mixin.py:188} INFO - [2024-05-01T09:42:38.034+0000] {dag.py:3954} INFO - Setting next_dagrun for tutorial to 2024-04-30 00:00:00+00:00, run_after=2024-05-01 00:00:00+00:00
[2024-05-01T09:42:38.059+0000] {processor.py:183} INFO - Processing /home/airflow/.local/lib/python3.12/site-packages/airflow/example_dags/tutorial.py took 0.077 seconds
[2024-05-01T09:43:08.931+0000] {processor.py:161} INFO - Started process (PID=137) to work on /home/airflow/.local/lib/python3.12/site-packages/airflow/example_dags/tutorial.py
[2024-05-01T09:43:08.934+0000] {processor.py:830} INFO - Processing file /home/airflow/.local/lib/python3.12/site-packages/airflow/example_dags/tutorial.py for tasks to queue
[2024-05-01T09:43:08.936+0000] {logging_mixin.py:188} INFO - [2024-05-01T09:43:08.936+0000] {dagbag.py:540} INFO - Filling up the DagBag from /home/airflow/.local/lib/python3.12/site-packages/airflow/example_dags/tutorial.py
[2024-05-01T09:43:08.940+0000] {processor.py:840} INFO - DAG(s) 'tutorial' retrieved from /home/airflow/.local/lib/python3.12/site-packages/airflow/example_dags/tutorial.py
[2024-05-01T09:43:09.010+0000] {logging_mixin.py:188} INFO - [2024-05-01T09:43:09.010+0000] {dag.py:3096} INFO - Sync 1 DAGs
[2024-05-01T09:43:09.023+0000] {logging_mixin.py:188} INFO - [2024-05-01T09:43:09.023+0000] {dag.py:3954} INFO - Setting next_dagrun for tutorial to 2024-04-30 00:00:00+00:00, run_after=2024-05-01 00:00:00+00:00
[2024-05-01T09:43:09.035+0000] {processor.py:183} INFO - Processing /home/airflow/.local/lib/python3.12/site-packages/airflow/example_dags/tutorial.py took 0.116 seconds
[2024-05-01T09:43:42.862+0000] {processor.py:161} INFO - Started process (PID=195) to work on /home/airflow/.local/lib/python3.12/site-packages/airflow/example_dags/tutorial.py
[2024-05-01T09:43:42.863+0000] {processor.py:830} INFO - Processing file /home/airflow/.local/lib/python3.12/site-packages/airflow/example_dags/tutorial.py for tasks to queue
[2024-05-01T09:43:42.866+0000] {logging_mixin.py:188} INFO - [2024-05-01T09:43:42.866+0000] {dagbag.py:540} INFO - Filling up the DagBag from /home/airflow/.local/lib/python3.12/site-packages/airflow/example_dags/tutorial.py
[2024-05-01T09:43:42.883+0000] {processor.py:840} INFO - DAG(s) 'tutorial' retrieved from /home/airflow/.local/lib/python3.12/site-packages/airflow/example_dags/tutorial.py
[2024-05-01T09:43:42.995+0000] {logging_mixin.py:188} INFO - [2024-05-01T09:43:42.994+0000] {dag.py:3096} INFO - Sync 1 DAGs
[2024-05-01T09:43:43.077+0000] {logging_mixin.py:188} INFO - [2024-05-01T09:43:43.075+0000] {dag.py:3954} INFO - Setting next_dagrun for tutorial to 2024-04-30 00:00:00+00:00, run_after=2024-05-01 00:00:00+00:00
[2024-05-01T09:43:43.212+0000] {processor.py:183} INFO - Processing /home/airflow/.local/lib/python3.12/site-packages/airflow/example_dags/tutorial.py took 0.360 seconds
