[0m15:59:35.845380 [debug] [MainThread]: Sending event: {'category': 'dbt', 'action': 'invocation', 'label': 'start', 'context': [<snowplow_tracker.self_describing_json.SelfDescribingJson object at 0x70ff2e7c9fc0>, <snowplow_tracker.self_describing_json.SelfDescribingJson object at 0x70ff2caeb070>, <snowplow_tracker.self_describing_json.SelfDescribingJson object at 0x70ff2caeb010>]}


============================== 15:59:35.848194 | c1bef0a5-4fcd-4a0f-a772-29fff45a6aaf ==============================
[0m15:59:35.848194 [info ] [MainThread]: Running with dbt=1.7.13
[0m15:59:35.848803 [debug] [MainThread]: running dbt with arguments {'printer_width': '80', 'indirect_selection': 'eager', 'write_json': 'True', 'log_cache_events': 'False', 'partial_parse': 'True', 'cache_selected_only': 'False', 'warn_error': 'None', 'fail_fast': 'False', 'debug': 'False', 'log_path': 'logs', 'version_check': 'True', 'profiles_dir': '/home/tousside/.dbt', 'use_colors': 'True', 'use_experimental_parser': 'False', 'no_print': 'None', 'quiet': 'False', 'warn_error_options': 'WarnErrorOptions(include=[], exclude=[])', 'introspect': 'True', 'static_parser': 'True', 'invocation_command': 'dbt init', 'target_path': 'None', 'log_format': 'default', 'send_anonymous_usage_stats': 'True'}
[0m15:59:57.776152 [debug] [MainThread]: Starter project path: /home/tousside/Documents/10Academy/week2/DBT/venv/lib/python3.10/site-packages/dbt/include/starter_project
[0m15:59:57.789657 [info ] [MainThread]: 
Your new dbt project "traffic_warehouse" was created!

For more information on how to configure the profiles.yml file,
please consult the dbt documentation here:

  https://docs.getdbt.com/docs/configure-your-profile

One more thing:

Need help? Don't hesitate to reach out to us via GitHub issues or on Slack:

  https://community.getdbt.com/

Happy modeling!

[0m15:59:57.790627 [info ] [MainThread]: Setting up your profile.
[0m16:01:15.505743 [info ] [MainThread]: Profile traffic_warehouse written to /home/tousside/.dbt/profiles.yml using target's profile_template.yml and your supplied values. Run 'dbt debug' to validate the connection.
[0m16:01:15.513682 [debug] [MainThread]: Resource report: {"command_name": "init", "command_success": true, "command_wall_clock_time": 99.71652, "process_user_time": 2.059657, "process_kernel_time": 0.107772, "process_mem_max_rss": "92336", "process_in_blocks": "2144", "process_out_blocks": "88"}
[0m16:01:15.514564 [debug] [MainThread]: Command `dbt init` succeeded at 16:01:15.514348 after 99.72 seconds
[0m16:01:15.515189 [debug] [MainThread]: Sending event: {'category': 'dbt', 'action': 'invocation', 'label': 'end', 'context': [<snowplow_tracker.self_describing_json.SelfDescribingJson object at 0x70ff2e7c9fc0>, <snowplow_tracker.self_describing_json.SelfDescribingJson object at 0x70ff2eed6140>, <snowplow_tracker.self_describing_json.SelfDescribingJson object at 0x70ff2caeb2e0>]}
[0m16:01:15.516173 [debug] [MainThread]: Flushing usage events
